<?xml version="1.0" encoding="UTF-8"?>
<!-- Generated by org.testng.reporters.JUnitReportReporter -->
<testsuite skipped="0" hostname="DESKTOP-QL9EG6H" name="com.phptravels.testcases.LoginPageTest" tests="4" failures="0" timestamp="2021-07-20T11:50:22 IST" time="69.216" errors="0">
  <testcase name="navigateToTest" time="33.727" classname="com.phptravels.testcases.LoginPageTest"/>
  <system-out/>
  <testcase name="verifyTitleofPage" time="9.032" classname="com.phptravels.testcases.LoginPageTest"/>
  <system-out/>
  <testcase name="verifySubtextOfTitlePage" time="11.097" classname="com.phptravels.testcases.LoginPageTest"/>
  <system-out/>
  <testcase name="clickOnLoginButton" time="15.360" classname="com.phptravels.testcases.LoginPageTest"/>
  <system-out/>
</testsuite> <!-- com.phptravels.testcases.LoginPageTest -->
